<?xml version="1.0" encoding="UTF-8"?>
<!-- Generated by org.testng.reporters.JUnitReportReporter -->
<testsuite hostname="IN-PG0351TV" failures="0" tests="20" name="tests.FlipkartTestCase" time="73.327" errors="0" timestamp="2024-05-19T11:38:26 IST" skipped="0">
  <testcase classname="tests.FlipkartTestCase" name="signupWithMobileNumber" time="3.665"/>
  <testcase classname="tests.FlipkartTestCase" name="signupWithMobileNumber" time="3.597"/>
  <testcase classname="tests.FlipkartTestCase" name="signupWithMobileNumber" time="3.575"/>
  <testcase classname="tests.FlipkartTestCase" name="signupWithMobileNumber" time="5.698"/>
  <testcase classname="tests.FlipkartTestCase" name="signupWithMobileNumber" time="3.591"/>
  <testcase classname="tests.FlipkartTestCase" name="loginToFlipkart" time="5.617"/>
  <testcase classname="tests.FlipkartTestCase" name="searchProduct" time="0.273"/>
  <testcase classname="tests.FlipkartTestCase" name="addToCart" time="4.463"/>
  <testcase classname="tests.FlipkartTestCase" name="getProductHighlights" time="11.381"/>
  <testcase classname="tests.FlipkartTestCase" name="goToGroceryPage" time="3.376"/>
  <testcase classname="tests.FlipkartTestCase" name="enterPinCodeTest" time="4.616"/>
  <testcase classname="tests.FlipkartTestCase" name="goToGrocerySnacksBeveragesBiscuitsPage" time="3.561"/>
  <testcase classname="tests.FlipkartTestCase" name="testCommunicationPreferencesPage" time="0.540"/>
  <testcase classname="tests.FlipkartTestCase" name="goToCorporateHomeAndSelectSustainability" time="3.934"/>
  <testcase classname="tests.FlipkartTestCase" name="scrollPageToBottom" time="2.310"/>
  <testcase classname="tests.FlipkartTestCase" name="gotoGroupCompanies" time="4.237"/>
  <testcase classname="tests.FlipkartTestCase" name="verifyGiftCardRedemption" time="2.574"/>
  <testcase classname="tests.FlipkartTestCase" name="verifyHighToLow" time="2.659"/>
  <testcase classname="tests.FlipkartTestCase" name="clickOnShareButton" time="2.715"/>
  <testcase classname="tests.FlipkartTestCase" name="clickOnNotificationPreferences" time="0.945"/>
</testsuite> <!-- tests.FlipkartTestCase -->
